[debug] [2022-12-09T13:16:50.680Z] ----------------------------------------------------------------------
[debug] [2022-12-09T13:16:50.682Z] Command:       C:\Program Files\nodejs\node.exe C:\Users\Anurag\AppData\Roaming\npm\node_modules\firebase-tools\lib\bin\firebase.js init
[debug] [2022-12-09T13:16:50.682Z] CLI Version:   11.17.0
[debug] [2022-12-09T13:16:50.682Z] Platform:      win32
[debug] [2022-12-09T13:16:50.682Z] Node Version:  v19.0.1
[debug] [2022-12-09T13:16:50.683Z] Time:          Fri Dec 09 2022 18:46:50 GMT+0530 (India Standard Time)
[debug] [2022-12-09T13:16:50.683Z] ----------------------------------------------------------------------
[debug] 
[debug] [2022-12-09T13:16:50.689Z] > command requires scopes: ["email","openid","https://www.googleapis.com/auth/cloudplatformprojects.readonly","https://www.googleapis.com/auth/firebase","https://www.googleapis.com/auth/cloud-platform"]
[debug] [2022-12-09T13:16:50.689Z] > authorizing via signed-in user (rautab0@gmail.com)
[info] 
     ######## #### ########  ######## ########     ###     ######  ########
     ##        ##  ##     ## ##       ##     ##  ##   ##  ##       ##
     ######    ##  ########  ######   ########  #########  ######  ######
     ##        ##  ##    ##  ##       ##     ## ##     ##       ## ##
     ##       #### ##     ## ######## ########  ##     ##  ######  ########

You're about to initialize a Firebase project in this directory:

  C:\Travellio\travellio-app

Before we get started, keep in mind:

  * You are currently outside your home directory

